\BOOKMARK [0][-]{Doc-Start}{Title page}{}% 1
\BOOKMARK [0][-]{Doc-Start}{Declaration}{}% 2
\BOOKMARK [0][-]{Doc-Start}{Acknowledgements}{}% 3
\BOOKMARK [0][-]{Doc-Start}{Contents}{}% 4
\BOOKMARK [0][-]{chapter*.1}{Synopsis}{}% 5
\BOOKMARK [1][-]{section.0.1}{Introduction}{chapter*.1}% 6
\BOOKMARK [1][-]{section.0.2}{CMS Detector }{chapter*.1}% 7
\BOOKMARK [1][-]{section.0.3}{Event Reconstruction }{chapter*.1}% 8
\BOOKMARK [1][-]{section.0.4}{ Search for Supersymmetry with 13 TeV pp Collision Data}{chapter*.1}% 9
\BOOKMARK [2][-]{subsection.0.4.1}{Study on 2.3 fb-1 of 2015 Data}{section.0.4}% 10
\BOOKMARK [2][-]{subsection.0.4.2}{Study on 12.9 fb-1 of 2016 Data}{section.0.4}% 11
\BOOKMARK [1][-]{section.0.5}{Search for Pair Production of First Generation Leptoquarks}{chapter*.1}% 12
\BOOKMARK [2][-]{subsection.0.5.1}{Background Estimation}{section.0.5}% 13
\BOOKMARK [2][-]{subsection.0.5.2}{Results}{section.0.5}% 14
\BOOKMARK [1][-]{section.0.6}{Advanced Pileup Mitigation Techniques}{chapter*.1}% 15
\BOOKMARK [2][-]{subsection.0.6.1}{Jet Grooming }{section.0.6}% 16
\BOOKMARK [2][-]{subsection.0.6.2}{Results}{section.0.6}% 17
\BOOKMARK [1][-]{section.0.7}{Summary}{chapter*.1}% 18
\BOOKMARK [0][-]{section.0.7}{List of Symbols}{}% 19
\BOOKMARK [0][-]{section.0.7}{List of Tables}{}% 20
\BOOKMARK [0][-]{chapter*.6}{List of Figures}{}% 21
\BOOKMARK [0][-]{chapter.1}{Chapter Introduction }{}% 22
\BOOKMARK [0][-]{chapter.2}{Chapter The Standard Model of Particle Physics }{}% 23
\BOOKMARK [1][-]{section.2.1}{Introduction}{chapter.2}% 24
\BOOKMARK [1][-]{section.2.2}{Gauge Theory Formulation}{chapter.2}% 25
\BOOKMARK [1][-]{section.2.3}{Electroweak Theory and Higgs Mechanism}{chapter.2}% 26
\BOOKMARK [2][-]{subsection.2.3.1}{Higgs Mechanism}{section.2.3}% 27
\BOOKMARK [1][-]{section.2.4}{Experimental Verification of SM}{chapter.2}% 28
\BOOKMARK [1][-]{section.2.5}{Drawbacks of the Standard Model}{chapter.2}% 29
\BOOKMARK [0][-]{chapter.3}{Chapter Beyond the Standard Model }{}% 30
\BOOKMARK [1][-]{section.3.1}{Supersymmetry}{chapter.3}% 31
\BOOKMARK [1][-]{section.3.2}{Leptoquark models}{chapter.3}% 32
\BOOKMARK [0][-]{chapter.4}{Chapter The Compact Muon Solenoid }{}% 33
\BOOKMARK [1][-]{section.4.1}{CMS detector}{chapter.4}% 34
\BOOKMARK [2][-]{subsection.4.1.1}{Tracker}{section.4.1}% 35
\BOOKMARK [2][-]{subsection.4.1.2}{Electromagnetic Calorimeter}{section.4.1}% 36
\BOOKMARK [2][-]{subsection.4.1.3}{Hadron Calorimeter}{section.4.1}% 37
\BOOKMARK [2][-]{subsection.4.1.4}{Muon System}{section.4.1}% 38
\BOOKMARK [1][-]{section.4.2}{Object Reconstruction}{chapter.4}% 39
\BOOKMARK [2][-]{subsection.4.2.1}{Reconstruction of Primary Vertex}{section.4.2}% 40
\BOOKMARK [2][-]{subsection.4.2.2}{Electron Reconstruction}{section.4.2}% 41
\BOOKMARK [2][-]{subsection.4.2.3}{Muon Reconstruction}{section.4.2}% 42
\BOOKMARK [2][-]{subsection.4.2.4}{Jet Reconstruction}{section.4.2}% 43
\BOOKMARK [2][-]{subsection.4.2.5}{Missing Transverse Energy}{section.4.2}% 44
\BOOKMARK [0][-]{chapter.5}{Chapter Statistical Procedures for Search }{}% 45
\BOOKMARK [1][-]{section.5.1}{ Observed Limits}{chapter.5}% 46
\BOOKMARK [1][-]{section.5.2}{Expected Limits }{chapter.5}% 47
\BOOKMARK [1][-]{section.5.3}{Significance }{chapter.5}% 48
\BOOKMARK [0][-]{chapter.6}{Chapter Search for Supersymmetry with 13 TeV pp Collision Data }{}% 49
\BOOKMARK [1][-]{section.6.1}{Study with 2.3 fb-1 of the 2015 Data}{chapter.6}% 50
\BOOKMARK [2][-]{subsection.6.1.1}{Data-MC samples and trigger}{section.6.1}% 51
\BOOKMARK [2][-]{subsection.6.1.2}{Event Selection criteria and exclusive search intervals}{section.6.1}% 52
\BOOKMARK [2][-]{subsection.6.1.3}{Backgrounds}{section.6.1}% 53
\BOOKMARK [2][-]{subsection.6.1.4}{Results and statistical interpretation}{section.6.1}% 54
\BOOKMARK [1][-]{section.6.2}{Study with 12.9 fb-1 of 2016 data}{chapter.6}% 55
\BOOKMARK [2][-]{subsection.6.2.1}{Search binning}{section.6.2}% 56
\BOOKMARK [2][-]{subsection.6.2.2}{Z\(\)+ jets background estimation}{section.6.2}% 57
\BOOKMARK [2][-]{subsection.6.2.3}{Results and statistical interpretation}{section.6.2}% 58
\BOOKMARK [0][-]{chapter.7}{Chapter Search for Pair Production of First Generation Leptoquarks }{}% 59
\BOOKMARK [1][-]{section.7.1}{Event Selection}{chapter.7}% 60
\BOOKMARK [1][-]{section.7.2}{ Backgrounds}{chapter.7}% 61
\BOOKMARK [2][-]{subsection.7.2.1}{QCD multijet :}{section.7.2}% 62
\BOOKMARK [1][-]{section.7.3}{Results and statistical interpretation}{chapter.7}% 63
\BOOKMARK [0][-]{chapter.8}{Chapter Advanced Pilup Mitigation Techniques }{}% 64
\BOOKMARK [1][-]{subsection.8.0.1}{Simulation-only results at high pileup}{chapter.8}% 65
\BOOKMARK [0][-]{chapter.9}{Chapter Summary and Conclusion }{}% 66
\BOOKMARK [0][-]{figure.9.2}{References}{}% 67
