This is pdfTeX, Version 3.1415926-2.5-1.40.14 (TeX Live 2013/Debian) (format=pdflatex 2015.5.11)  11 DEC 2016 15:26
entering extended mode
 restricted \write18 enabled.
 %&-line parsing enabled.
**sm.tex
(./sm.tex
LaTeX2e <2011/06/27>
Babel <3.9h> and hyphenation patterns for 2 languages loaded.
(/usr/share/texlive/texmf-dist/tex/latex/base/article.cls
Document Class: article 2007/10/19 v1.4h Standard LaTeX document class
(/usr/share/texlive/texmf-dist/tex/latex/base/size12.clo
File: size12.clo 2007/10/19 v1.4h Standard LaTeX file (size option)
)
\c@part=\count79
\c@section=\count80
\c@subsection=\count81
\c@subsubsection=\count82
\c@paragraph=\count83
\c@subparagraph=\count84
\c@figure=\count85
\c@table=\count86
\abovecaptionskip=\skip41
\belowcaptionskip=\skip42
\bibindent=\dimen102
)
(/usr/share/texlive/texmf-dist/tex/latex/graphics/epsfig.sty
Package: epsfig 1999/02/16 v1.7a (e)psfig emulation (SPQR)

(/usr/share/texlive/texmf-dist/tex/latex/graphics/graphicx.sty
Package: graphicx 1999/02/16 v1.0f Enhanced LaTeX Graphics (DPC,SPQR)

(/usr/share/texlive/texmf-dist/tex/latex/graphics/keyval.sty
Package: keyval 1999/03/16 v1.13 key=value parser (DPC)
\KV@toks@=\toks14
)
(/usr/share/texlive/texmf-dist/tex/latex/graphics/graphics.sty
Package: graphics 2009/02/05 v1.0o Standard LaTeX Graphics (DPC,SPQR)

(/usr/share/texlive/texmf-dist/tex/latex/graphics/trig.sty
Package: trig 1999/03/16 v1.09 sin cos tan (DPC)
)
(/usr/share/texlive/texmf-dist/tex/latex/latexconfig/graphics.cfg
File: graphics.cfg 2010/04/23 v1.9 graphics configuration of TeX Live
)
Package graphics Info: Driver file: pdftex.def on input line 91.

(/usr/share/texlive/texmf-dist/tex/latex/pdftex-def/pdftex.def
File: pdftex.def 2011/05/27 v0.06d Graphics/color for pdfTeX

(/usr/share/texlive/texmf-dist/tex/generic/oberdiek/infwarerr.sty
Package: infwarerr 2010/04/08 v1.3 Providing info/warning/error messages (HO)
)
(/usr/share/texlive/texmf-dist/tex/generic/oberdiek/ltxcmds.sty
Package: ltxcmds 2011/11/09 v1.22 LaTeX kernel commands for general use (HO)
)
\Gread@gobject=\count87
))
\Gin@req@height=\dimen103
\Gin@req@width=\dimen104
)
\epsfxsize=\dimen105
\epsfysize=\dimen106
)

! LaTeX Error: File `IEEEtrantools.sty' not found.

Type X to quit or <RETURN> to proceed,
or enter new name. (Default extension: sty)

Enter file name: 

! LaTeX Error: Unknown option `retainorgcmds' for package `IEEEtrantools'.

See the LaTeX manual or LaTeX Companion for explanation.
Type  H <return>  for immediate help.
 ...                                              
                                                  
l.4 \usepackage
               {slashed}
? 
(/usr/share/texlive/texmf-dist/tex/latex/carlisle/slashed.sty
Package: slashed 1997/01/16 v0.01 Feynman Slashed Character Notation (DPC)
)
No file sm.aux.
\openout1 = `sm.aux'.

LaTeX Font Info:    Checking defaults for OML/cmm/m/it on input line 86.
LaTeX Font Info:    ... okay on input line 86.
LaTeX Font Info:    Checking defaults for T1/cmr/m/n on input line 86.
LaTeX Font Info:    ... okay on input line 86.
LaTeX Font Info:    Checking defaults for OT1/cmr/m/n on input line 86.
LaTeX Font Info:    ... okay on input line 86.
LaTeX Font Info:    Checking defaults for OMS/cmsy/m/n on input line 86.
LaTeX Font Info:    ... okay on input line 86.
LaTeX Font Info:    Checking defaults for OMX/cmex/m/n on input line 86.
LaTeX Font Info:    ... okay on input line 86.
LaTeX Font Info:    Checking defaults for U/cmr/m/n on input line 86.
LaTeX Font Info:    ... okay on input line 86.
(/usr/share/texlive/texmf-dist/tex/context/base/supp-pdf.mkii
[Loading MPS to PDF converter (version 2006.09.02).]
\scratchcounter=\count88
\scratchdimen=\dimen107
\scratchbox=\box26
\nofMPsegments=\count89
\nofMParguments=\count90
\everyMPshowfont=\toks15
\MPscratchCnt=\count91
\MPscratchDim=\dimen108
\MPnumerator=\count92
\makeMPintoPDFobject=\count93
\everyMPtoPDFconversion=\toks16
) (/usr/share/texlive/texmf-dist/tex/generic/oberdiek/pdftexcmds.sty
Package: pdftexcmds 2011/11/29 v0.20 Utility functions of pdfTeX for LuaTeX (HO
)

(/usr/share/texlive/texmf-dist/tex/generic/oberdiek/ifluatex.sty
Package: ifluatex 2010/03/01 v1.3 Provides the ifluatex switch (HO)
Package ifluatex Info: LuaTeX not detected.
)
(/usr/share/texlive/texmf-dist/tex/generic/oberdiek/ifpdf.sty
Package: ifpdf 2011/01/30 v2.3 Provides the ifpdf switch (HO)
Package ifpdf Info: pdfTeX in PDF mode is detected.
)
Package pdftexcmds Info: LuaTeX not detected.
Package pdftexcmds Info: \pdf@primitive is available.
Package pdftexcmds Info: \pdf@ifprimitive is available.
Package pdftexcmds Info: \pdfdraftmode found.
)
(/usr/share/texlive/texmf-dist/tex/latex/oberdiek/epstopdf-base.sty
Package: epstopdf-base 2010/02/09 v2.5 Base part for package epstopdf

(/usr/share/texlive/texmf-dist/tex/latex/oberdiek/grfext.sty
Package: grfext 2010/08/19 v1.1 Manage graphics extensions (HO)

(/usr/share/texlive/texmf-dist/tex/generic/oberdiek/kvdefinekeys.sty
Package: kvdefinekeys 2011/04/07 v1.3 Define keys (HO)
))
(/usr/share/texlive/texmf-dist/tex/latex/oberdiek/kvoptions.sty
Package: kvoptions 2011/06/30 v3.11 Key value format for package options (HO)

(/usr/share/texlive/texmf-dist/tex/generic/oberdiek/kvsetkeys.sty
Package: kvsetkeys 2012/04/25 v1.16 Key value parser (HO)

(/usr/share/texlive/texmf-dist/tex/generic/oberdiek/etexcmds.sty
Package: etexcmds 2011/02/16 v1.5 Avoid name clashes with e-TeX commands (HO)
Package etexcmds Info: Could not find \expanded.
(etexcmds)             That can mean that you are not using pdfTeX 1.50 or
(etexcmds)             that some package has redefined \expanded.
(etexcmds)             In the latter case, load this package earlier.
)))
Package grfext Info: Graphics extension search list:
(grfext)             [.png,.pdf,.jpg,.mps,.jpeg,.jbig2,.jb2,.PNG,.PDF,.JPG,.JPE
G,.JBIG2,.JB2,.eps]
(grfext)             \AppendGraphicsExtensions on input line 452.

(/usr/share/texlive/texmf-dist/tex/latex/latexconfig/epstopdf-sys.cfg
File: epstopdf-sys.cfg 2010/07/13 v1.3 Configuration of (r)epstopdf for TeX Liv
e
))
LaTeX Font Info:    External font `cmex10' loaded for size
(Font)              <14.4> on input line 87.
LaTeX Font Info:    External font `cmex10' loaded for size
(Font)              <7> on input line 87.
LaTeX Font Info:    External font `cmex10' loaded for size
(Font)              <5> on input line 87.

[1

{/var/lib/texmf/fonts/map/pdftex/updmap/pdftex.map}]
LaTeX Font Info:    External font `cmex10' loaded for size
(Font)              <12> on input line 92.
LaTeX Font Info:    External font `cmex10' loaded for size
(Font)              <8> on input line 92.
LaTeX Font Info:    External font `cmex10' loaded for size
(Font)              <6> on input line 92.

Underfull \hbox (badness 10000) in paragraph at lines 92--93

 []


Underfull \hbox (badness 10000) in paragraph at lines 92--93

 []

[2] [3]
Underfull \hbox (badness 10000) in paragraph at lines 175--177

 []


Underfull \hbox (badness 10000) in paragraph at lines 199--200

 []

[4]
Underfull \hbox (badness 10000) in paragraph at lines 227--229

 []

[5] [6]

LaTeX Warning: File `as.png' not found on input line 312.


! Package pdftex.def Error: File `as.png' not found.

See the pdftex.def package documentation for explanation.
Type  H <return>  for immediate help.
 ...                                              
                                                  
l.312 ...udegraphics[width=3in,height=2in]{as.png}
                                                  
? 

Underfull \hbox (badness 10000) in paragraph at lines 330--339

 []

[7]
Underfull \hbox (badness 10000) in paragraph at lines 343--344

 []


! LaTeX Error: Environment IEEEeqnarray undefined.

See the LaTeX manual or LaTeX Companion for explanation.
Type  H <return>  for immediate help.
 ...                                              
                                                  
l.367 \begin{IEEEeqnarray}
                          {rCl}
? 
! Missing $ inserted.
<inserted text> 
                $
l.368 \pounds_
              {Higgs} &=& \frac{1}{2}(\partial_{\mu}H)^{2}~ -\lambda v^{2} H...

? 
! Misplaced alignment tab character &.
l.368 \pounds_{Higgs} &
                       =& \frac{1}{2}(\partial_{\mu}H)^{2}~ -\lambda v^{2} H...

? 
! Misplaced alignment tab character &.
l.368 \pounds_{Higgs} &=&
                          \frac{1}{2}(\partial_{\mu}H)^{2}~ -\lambda v^{2} H...

? 
! Misplaced alignment tab character &.
<recently read> &
                 
l.370 &
       =& A_{\mu} A^{\mu}+\frac{g^{2}v}{2} W_{\mu}^{-}W^{\mu +} H~+\frac{g^{...

? 
! Misplaced alignment tab character &.
l.370 &=&
          A_{\mu} A^{\mu}+\frac{g^{2}v}{2} W_{\mu}^{-}W^{\mu +} H~+\frac{g^{...

? 

! LaTeX Error: \begin{document} ended by \end{IEEEeqnarray}.

See the LaTeX manual or LaTeX Companion for explanation.
Type  H <return>  for immediate help.
 ...                                              
                                                  
l.371 \end{IEEEeqnarray}
                        
? 
! Missing $ inserted.
<inserted text> 
                $
l.371 \end{IEEEeqnarray}
                        
? 

! LaTeX Error: Environment IEEEeqnarray undefined.

See the LaTeX manual or LaTeX Companion for explanation.
Type  H <return>  for immediate help.
 ...                                              
                                                  
l.376 \begin{IEEEeqnarray}
                          {rCl}
? 
! Missing $ inserted.
<inserted text> 
                $
l.377 M_
        {H} &=& \sqrt{ 2\lambda} v
? 
! Misplaced alignment tab character &.
l.377 M_{H} &
             =& \sqrt{ 2\lambda} v
? 
! Misplaced alignment tab character &.
l.377 M_{H} &=&
                \sqrt{ 2\lambda} v
? 
! Misplaced alignment tab character &.
l.379 M_{A} &
             =&  0
? 
! Misplaced alignment tab character &.
l.379 M_{A} &=&
                 0
? 
! Misplaced alignment tab character &.
l.381 M_{W} &
             =&  \frac{gv}{2}
? 
! Misplaced alignment tab character &.
l.381 M_{W} &=&
                 \frac{gv}{2}
? 
! Misplaced alignment tab character &.
l.383 M_{Z} &
             =& \frac{gv}{2\cos\theta_{w}}F\IEEEyesnumber
? 
! Misplaced alignment tab character &.
l.383 M_{Z} &=&
                \frac{gv}{2\cos\theta_{w}}F\IEEEyesnumber
? 
! Undefined control sequence.
l.383 ...\frac{gv}{2\cos\theta_{w}}F\IEEEyesnumber
                                                  
? 

! LaTeX Error: \begin{document} ended by \end{IEEEeqnarray}.

See the LaTeX manual or LaTeX Companion for explanation.
Type  H <return>  for immediate help.
 ...                                              
                                                  
l.384 \end{IEEEeqnarray}
                        
? 
! Missing $ inserted.
<inserted text> 
                $
l.384 \end{IEEEeqnarray}
                        
? 

! LaTeX Error: Environment IEEEeqnarray undefined.

See the LaTeX manual or LaTeX Companion for explanation.
Type  H <return>  for immediate help.
 ...                                              
                                                  
l.390 \begin{IEEEeqnarray}
                          {rCl}
? 
! Missing $ inserted.
<inserted text> 
                $
l.391 g_
        {HHH}&=&3 \frac{M_{H}^{2}}{v}
? 
! Misplaced alignment tab character &.
l.391 g_{HHH}&
              =&3 \frac{M_{H}^{2}}{v}
? 
! Misplaced alignment tab character &.
l.391 g_{HHH}&=&
                3 \frac{M_{H}^{2}}{v}
? 
! Misplaced alignment tab character &.
l.393 g_{HHHH} &
                =& 3 \frac{M_{H}^{2}}{v^{2}}
? 
! Misplaced alignment tab character &.
l.393 g_{HHHH} &=&
                   3 \frac{M_{H}^{2}}{v^{2}}
? 
! Misplaced alignment tab character &.
l.395 g_{HVV} &
               =& \frac{2M_{V}^{2}}{v}
? 
! Misplaced alignment tab character &.
l.395 g_{HVV} &=&
                  \frac{2M_{V}^{2}}{v}
? 
! Misplaced alignment tab character &.
l.397 g_{HHVV} &
                =&  \frac{2M_{V}^{2}}{v^2}
? 
! Misplaced alignment tab character &.
l.397 g_{HHVV} &=&
                    \frac{2M_{V}^{2}}{v^2}
? 
! Undefined control sequence.
l.398 \IEEEyesnumber
                    
? 

! LaTeX Error: \begin{document} ended by \end{IEEEeqnarray}.

See the LaTeX manual or LaTeX Companion for explanation.
Type  H <return>  for immediate help.
 ...                                              
                                                  
l.399 \end{IEEEeqnarray}
                        
? 
! Missing $ inserted.
<inserted text> 
                $
l.399 \end{IEEEeqnarray}
                        
? 
[8]
Overfull \hbox (43.78506pt too wide) in paragraph at lines 407--408
[]\OT1/cmr/m/n/12 This con-tains masse of the fermions as well as cou-plings of
 the higgs to fermions,where$\OML/cmm/m/it/12 ^^U[]$\OT1/cmr/m/n/12 and
 []


! LaTeX Error: Environment IEEEeqnarray undefined.

See the LaTeX manual or LaTeX Companion for explanation.
Type  H <return>  for immediate help.
 ...                                              
                                                  
l.411 \begin{IEEEeqnarray}
                          {rCl}
? 
! Missing $ inserted.
<inserted text> 
                $
l.412 m_
        {u} &=&\frac{\lambda_{2} v}{\sqrt{2}}
? 
! Misplaced alignment tab character &.
l.412 m_{u} &
             =&\frac{\lambda_{2} v}{\sqrt{2}}
? 
! Misplaced alignment tab character &.
l.412 m_{u} &=&
               \frac{\lambda_{2} v}{\sqrt{2}}
? 
! Misplaced alignment tab character &.
l.414 m_{d} &
             =&  \frac{\lambda_{1} v}{\sqrt{2}}
? 
! Misplaced alignment tab character &.
l.414 m_{d} &=&
                 \frac{\lambda_{1} v}{\sqrt{2}}
? 
! Misplaced alignment tab character &.
l.416 g_{hff} &
               =& \frac{m_{f}}{v}
? 
! Misplaced alignment tab character &.
l.416 g_{hff} &=&
                  \frac{m_{f}}{v}
? 
! Undefined control sequence.
l.417 \IEEEyesnumber
                    
? 

! LaTeX Error: \begin{document} ended by \end{IEEEeqnarray}.

See the LaTeX manual or LaTeX Companion for explanation.
Type  H <return>  for immediate help.
 ...                                              
                                                  
l.418 \end{IEEEeqnarray}
                        
? 
! Missing $ inserted.
<inserted text> 
                $
l.418 \end{IEEEeqnarray}
                        
? 

! LaTeX Error: Environment IEEEeqnarray undefined.

See the LaTeX manual or LaTeX Companion for explanation.
Type  H <return>  for immediate help.
 ...                                              
                                                  
l.436 \begin{IEEEeqnarray}
                          {rCl}
? 
! Missing $ inserted.
<inserted text> 
                $
l.437 \sum
          _{spin, pol}|M|^{2} & = & \frac{g_{W}^{4} {M_{W}^{2}}}{32 \left[\h...

? 
! Misplaced alignment tab character &.
l.437 \sum_{spin, pol}|M|^{2} &
                                = & \frac{g_{W}^{4} {M_{W}^{2}}}{32 \left[\h...

? 
! Misplaced alignment tab character &.
l.437 \sum_{spin, pol}|M|^{2} & = &
                                    \frac{g_{W}^{4} {M_{W}^{2}}}{32 \left[\h...

? 
! Misplaced alignment tab character &.
<recently read> &
                 
l.439 &
        = & \frac{g_{W}^{4} {M_{W}^{2}}}{32 \left[\hat{s^{2}}-M_{W}^{2} \rig...

? 
! Misplaced alignment tab character &.
l.439 & = &
            \frac{g_{W}^{4} {M_{W}^{2}}}{32 \left[\hat{s^{2}}-M_{W}^{2} \rig...

? 
! Misplaced alignment tab character &.
<recently read> &
                 
l.441 &
        = & \frac{g_{W}^{4} {M_{W}^{2}}}{4 \left[\hat{s^{2}}-M_{W}^{2} \righ...

? 
! Misplaced alignment tab character &.
l.441 & = &
            \frac{g_{W}^{4} {M_{W}^{2}}}{4 \left[\hat{s^{2}}-M_{W}^{2} \righ...

? 
! Misplaced alignment tab character &.
<recently read> &
                 
l.443 &
        = & \frac{g_{W}^{4} {M_{W}^{2}}}{4 \left[\hat{s^{2}}-M_{W}^{2} \righ...

? 
! Misplaced alignment tab character &.
l.443 & = &
            \frac{g_{W}^{4} {M_{W}^{2}}}{4 \left[\hat{s^{2}}-M_{W}^{2} \righ...

? 
! Undefined control sequence.
l.444 \IEEEyesnumber
                    
? 

! LaTeX Error: \begin{document} ended by \end{IEEEeqnarray}.

See the LaTeX manual or LaTeX Companion for explanation.
Type  H <return>  for immediate help.
 ...                                              
                                                  
l.445 \end{IEEEeqnarray}
                        
? 
! Missing $ inserted.
<inserted text> 
                $
l.445 \end{IEEEeqnarray}
                        
? 

Overfull \hbox (94.72571pt too wide) in paragraph at lines 435--446
\OT1/cmr/m/n/12 we ob-tain rCl $[][] \OMS/cmsy/m/n/12 j\OML/cmm/m/it/12 M\OMS/c
msy/m/n/12 j[] \OT1/cmr/m/n/12 = [] [][] [] [][] [][] \OML/cmm/m/it/12 ^^O[]\OT
1/cmr/m/n/12 (3)\OML/cmm/m/it/12 ^^O[]\OT1/cmr/m/n/12 (3)[] 
 []


! LaTeX Error: Environment IEEEeqnarray undefined.

See the LaTeX manual or LaTeX Companion for explanation.
Type  H <return>  for immediate help.
 ...                                              
                                                  
l.453 \begin{IEEEeqnarray}
                          {rCl}
? 
! Missing $ inserted.
<inserted text> 
                $
l.454 \left
           (\frac{d\sigma}{d\Omega}\right)_{q \bar{q}\rightarrow WH} & = &  ...

? 
! Misplaced alignment tab character &.
l.454 ...Omega}\right)_{q \bar{q}\rightarrow WH} &
                                                   = &  \frac{1}{64 \pi^{2}}...

? 
! Misplaced alignment tab character &.
l.454 ...a}\right)_{q \bar{q}\rightarrow WH} & = &
                                                    \frac{1}{64 \pi^{2}} \fr...

? 
! Misplaced alignment tab character &.
<recently read> &
                 
l.456 &
        = & \frac{1}{64\hat{s} \pi^{2}}  \frac{|p_{f}|}{|p_{i}|} \frac{g_{W}...

? 
! Misplaced alignment tab character &.
l.456 & = &
            \frac{1}{64\hat{s} \pi^{2}}  \frac{|p_{f}|}{|p_{i}|} \frac{g_{W}...

? 
! Undefined control sequence.
l.457 ~~~~\IEEEyesnumber
                        
? 

! LaTeX Error: \begin{document} ended by \end{IEEEeqnarray}.

See the LaTeX manual or LaTeX Companion for explanation.
Type  H <return>  for immediate help.
 ...                                              
                                                  
l.458 \end{IEEEeqnarray}
                        
? 
! Missing $ inserted.
<inserted text> 
                $
l.458 \end{IEEEeqnarray}
                        
? 

! LaTeX Error: Environment IEEEeqnarray undefined.

See the LaTeX manual or LaTeX Companion for explanation.
Type  H <return>  for immediate help.
 ...                                              
                                                  
l.461 \begin{IEEEeqnarray}
                          {rCl}
? 
! Missing $ inserted.
<inserted text> 
                $
l.462 p_
        {1} & = &  (\sqrt{\hat{s}}/2,0,0,\sqrt{\hat{s}}/2)
? 
! Misplaced alignment tab character &.
l.462 p_{1} &
              = &  (\sqrt{\hat{s}}/2,0,0,\sqrt{\hat{s}}/2)
? 
! Misplaced alignment tab character &.
l.462 p_{1} & = &
                   (\sqrt{\hat{s}}/2,0,0,\sqrt{\hat{s}}/2)
? 
! Misplaced alignment tab character &.
l.464  p_{4} &
               = & (\sqrt{\hat{s}}/2,0,0,-\sqrt{\hat{s}}/2)
? 
! Misplaced alignment tab character &.
l.464  p_{4} & = &
                   (\sqrt{\hat{s}}/2,0,0,-\sqrt{\hat{s}}/2)
? 
! Misplaced alignment tab character &.
l.466  p_{3} &
               = & (p_{f},~p_{f} \sin{\theta},0,~p_{f} \cos{\theta})
? 
! Misplaced alignment tab character &.
l.466  p_{3} & = &
                   (p_{f},~p_{f} \sin{\theta},0,~p_{f} \cos{\theta})
? 
! Misplaced alignment tab character &.
l.468  p_{2} &
               = &(p_{f},-p_{f} \sin{\theta},~0~,-p_{f} \cos{\theta})
? 
! Misplaced alignment tab character &.
l.468  p_{2} & = &
                  (p_{f},-p_{f} \sin{\theta},~0~,-p_{f} \cos{\theta})
? 
! Undefined control sequence.
l.469 ~~~~\IEEEyesnumber
                        
? 

! LaTeX Error: \begin{document} ended by \end{IEEEeqnarray}.

See the LaTeX manual or LaTeX Companion for explanation.
Type  H <return>  for immediate help.
 ...                                              
                                                  
l.470 \end{IEEEeqnarray}
                        
? 
! Missing $ inserted.
<inserted text> 
                $
l.470 \end{IEEEeqnarray}
                        
? 
[9]
Underfull \hbox (badness 10000) in paragraph at lines 484--485

 []


! LaTeX Error: Environment IEEEeqnarray undefined.

See the LaTeX manual or LaTeX Companion for explanation.
Type  H <return>  for immediate help.
 ...                                              
                                                  
l.496 \begin{IEEEeqnarray}
                          {rCl} |M|^{2} & = &g_{W}^{2}M_{W}^{2} g_{\mu \nu} ...

? 
! Missing $ inserted.
<inserted text> 
                $
l.496 \begin{IEEEeqnarray}{rCl} |M|^
                                    {2} & = &g_{W}^{2}M_{W}^{2} g_{\mu \nu} ...

? 
! Misplaced alignment tab character &.
l.496 \begin{IEEEeqnarray}{rCl} |M|^{2} &
                                          = &g_{W}^{2}M_{W}^{2} g_{\mu \nu} ...

? 
! Misplaced alignment tab character &.
l.496 \begin{IEEEeqnarray}{rCl} |M|^{2} & = &
                                             g_{W}^{2}M_{W}^{2} g_{\mu \nu} ...

? 
! Misplaced alignment tab character &.
<recently read> &
                 
l.498 &
        =& g_{W}^{2}M_{W}^{2} \sum_{pol=1,2,3} \epsilon_{\nu}(2) \epsilon_{\...

? 
! Misplaced alignment tab character &.
l.498 & =&
           g_{W}^{2}M_{W}^{2} \sum_{pol=1,2,3} \epsilon_{\nu}(2) \epsilon_{\...

? 
! Misplaced alignment tab character &.
<recently read> &
                 
l.500 &
       = &g_{W}^{2}M_{W}^{2} \left(-g_{\nu \beta} + \frac{p_{2\nu} p_{2\beta...

? 
! Misplaced alignment tab character &.
l.500 &= &
          g_{W}^{2}M_{W}^{2} \left(-g_{\nu \beta} + \frac{p_{2\nu} p_{2\beta...

? 
! Misplaced alignment tab character &.
<recently read> &
                 
l.502 &
       =& g_{W}^{2}M_{W}^{2} \left( 2+ \frac{(p_{3}.p_{2})^{2}}{M_{W}^{4}} \...

? 
! Misplaced alignment tab character &.
l.502 &=&
          g_{W}^{2}M_{W}^{2} \left( 2+ \frac{(p_{3}.p_{2})^{2}}{M_{W}^{4}} \...

? 
! Undefined control sequence.
l.502 ...{2}}{M_{W}^{4}} \right)~~~~\IEEEyesnumber
                                                  
? 

! LaTeX Error: \begin{document} ended by \end{IEEEeqnarray}.

See the LaTeX manual or LaTeX Companion for explanation.
Type  H <return>  for immediate help.
 ...                                              
                                                  
l.503 \end{IEEEeqnarray}
                        
? 
! Missing $ inserted.
<inserted text> 
                $
l.503 \end{IEEEeqnarray}
                        
? 

! LaTeX Error: Environment IEEEeqnarray undefined.

See the LaTeX manual or LaTeX Companion for explanation.
Type  H <return>  for immediate help.
 ...                                              
                                                  
l.507 \begin{IEEEeqnarray}
                          {rCl}
? 
! Missing $ inserted.
<inserted text> 
                $
l.508 p_
        {1} &=& (M_{H},0,0,0)
? 
! Misplaced alignment tab character &.
l.508 p_{1} &
             =& (M_{H},0,0,0)
? 
! Misplaced alignment tab character &.
l.508 p_{1} &=&
                (M_{H},0,0,0)
? 
! Misplaced alignment tab character &.
l.510  p_{2} &
              =& (\sqrt{p_{f}^{2}+M_{W}^{2}},p_{f}\sin{\theta},0,p_{f} \cos{...

? 
! Misplaced alignment tab character &.
l.510  p_{2} &=&
                 (\sqrt{p_{f}^{2}+M_{W}^{2}},p_{f}\sin{\theta},0,p_{f} \cos{...

? 
! Misplaced alignment tab character &.
l.512  p_{3} &
              =& (\sqrt{p_{f}^{2}+M_{W}^{2}},-p_{f}\sin{\theta},0,-p_{f} \co...

? 
! Misplaced alignment tab character &.
l.512  p_{3} &=&
                 (\sqrt{p_{f}^{2}+M_{W}^{2}},-p_{f}\sin{\theta},0,-p_{f} \co...

? 
! Undefined control sequence.
l.513 \IEEEyesnumber
                    
? 

! LaTeX Error: \begin{document} ended by \end{IEEEeqnarray}.

See the LaTeX manual or LaTeX Companion for explanation.
Type  H <return>  for immediate help.
 ...                                              
                                                  
l.514 \end{IEEEeqnarray}
                        
? 
! Missing $ inserted.
<inserted text> 
                $
l.514 \end{IEEEeqnarray}
                        
? 

! LaTeX Error: Environment IEEEeqnarray undefined.

See the LaTeX manual or LaTeX Companion for explanation.
Type  H <return>  for immediate help.
 ...                                              
                                                  
l.527 \begin{IEEEeqnarray}
                          {rCl}
? 
! Missing $ inserted.
<inserted text> 
                $
l.528 \Gamma
            _{H \rightarrow WW} &=& \frac{S|p_{f}|}{8 \pi  M_{H}^{2}} |M|^{2}
? 
! Misplaced alignment tab character &.
l.528 \Gamma_{H \rightarrow WW} &
                                 =& \frac{S|p_{f}|}{8 \pi  M_{H}^{2}} |M|^{2}
? 
! Misplaced alignment tab character &.
l.528 \Gamma_{H \rightarrow WW} &=&
                                    \frac{S|p_{f}|}{8 \pi  M_{H}^{2}} |M|^{2}
? 
! Misplaced alignment tab character &.
<recently read> &
                 
l.530  &
        =& \frac{G_{F}M_{H}^{3}}{8\sqrt{2}\pi } \sqrt{1-4x} (12x^{2}-4x+1)
? 
! Misplaced alignment tab character &.
l.530  &=&
           \frac{G_{F}M_{H}^{3}}{8\sqrt{2}\pi } \sqrt{1-4x} (12x^{2}-4x+1)
? 
! Undefined control sequence.
l.531 \IEEEyesnumber
                    
? 

! LaTeX Error: \begin{document} ended by \end{IEEEeqnarray}.

See the LaTeX manual or LaTeX Companion for explanation.
Type  H <return>  for immediate help.
 ...                                              
                                                  
l.532 \end{IEEEeqnarray}
                        
? 
! Missing $ inserted.
<inserted text> 
                $
l.532 \end{IEEEeqnarray}
                        
? 

! LaTeX Error: Environment IEEEeqnarray undefined.

See the LaTeX manual or LaTeX Companion for explanation.
Type  H <return>  for immediate help.
 ...                                              
                                                  
l.544 \begin{IEEEeqnarray}
                          {rCl}
? 
! Missing $ inserted.
<inserted text> 
                $
l.545 \sum
          _{spin}|M|^{2} &=& g_{Hff}^{2} \sum_{spin}\left [\bar{u}(2) \bar{v...

? 
! Misplaced alignment tab character &.
l.545 \sum_{spin}|M|^{2} &
                          =& g_{Hff}^{2} \sum_{spin}\left [\bar{u}(2) \bar{v...

? 
! Misplaced alignment tab character &.
l.545 \sum_{spin}|M|^{2} &=&
                             g_{Hff}^{2} \sum_{spin}\left [\bar{u}(2) \bar{v...

? 
! Misplaced alignment tab character &.
<recently read> &
                 
l.547 &
       =& g_{Hff}^{2}Tr\left[ (\slashed {p_{3}}  -m ) (\slashed{p_{2}} +m )\...

? 
! Misplaced alignment tab character &.
l.547 &=&
          g_{Hff}^{2}Tr\left[ (\slashed {p_{3}}  -m ) (\slashed{p_{2}} +m )\...

? 
! Misplaced alignment tab character &.
<recently read> &
                 
l.549 &
       =& 4 g_{Hff}^{2}(p_{2}.p_{3}-m^{2})
? 
! Misplaced alignment tab character &.
l.549 &=&
          4 g_{Hff}^{2}(p_{2}.p_{3}-m^{2})
? 
! Undefined control sequence.
l.550 \IEEEyesnumber
                    
? 

! LaTeX Error: \begin{document} ended by \end{IEEEeqnarray}.

See the LaTeX manual or LaTeX Companion for explanation.
Type  H <return>  for immediate help.
 ...                                              
                                                  
l.551 \end{IEEEeqnarray}
                        
? 
! Missing $ inserted.
<inserted text> 
                $
l.551 \end{IEEEeqnarray}
                        
? 

! LaTeX Error: Environment IEEEeqnarray undefined.

See the LaTeX manual or LaTeX Companion for explanation.
Type  H <return>  for immediate help.
 ...                                              
                                                  
l.554 \begin{IEEEeqnarray}
                          {rCl}
? 
[10]
! Missing $ inserted.
<inserted text> 
                $
l.555 \Gamma
            _{H \rightarrow f \bar{f}} &=& \frac{S|p_{f}|}{8 \pi  M_{H}^{2}}...

? 
! Misplaced alignment tab character &.
l.555 \Gamma_{H \rightarrow f \bar{f}} &
                                        =& \frac{S|p_{f}|}{8 \pi  M_{H}^{2}}...

? 
! Misplaced alignment tab character &.
l.555 \Gamma_{H \rightarrow f \bar{f}} &=&
                                           \frac{S|p_{f}|}{8 \pi  M_{H}^{2}}...

? 
! Misplaced alignment tab character &.
<recently read> &
                 
l.557 &
       =& \frac{g_{Hff}^{2}|p_{f}|}{2\pi  M_{H}^{2}} [(p_{2}.p_{3})-m^{2}]
? 
! Misplaced alignment tab character &.
l.557 &=&
          \frac{g_{Hff}^{2}|p_{f}|}{2\pi  M_{H}^{2}} [(p_{2}.p_{3})-m^{2}]
? 
! Undefined control sequence.
l.558 \IEEEyesnumber
                    
? 

! LaTeX Error: \begin{document} ended by \end{IEEEeqnarray}.

See the LaTeX manual or LaTeX Companion for explanation.
Type  H <return>  for immediate help.
 ...                                              
                                                  
l.559 \end{IEEEeqnarray}
                        
? 
! Missing $ inserted.
<inserted text> 
                $
l.559 \end{IEEEeqnarray}
                        
? 

! LaTeX Error: Environment IEEEeqnarray undefined.

See the LaTeX manual or LaTeX Companion for explanation.
Type  H <return>  for immediate help.
 ...                                              
                                                  
l.563 \begin{IEEEeqnarray}
                          {rCl}
? 
! Missing $ inserted.
<inserted text> 
                $
l.564 p_
        {1} &=& (M_{H},0,0,0)
? 
! Misplaced alignment tab character &.
l.564 p_{1} &
             =& (M_{H},0,0,0)
? 
! Misplaced alignment tab character &.
l.564 p_{1} &=&
                (M_{H},0,0,0)
? 
! Misplaced alignment tab character &.
l.566  p_{2} &
              =& (\sqrt{p_{f}^{2}+M_{W}^{2}},p_{f}\sin{\theta},0,p_{f} \cos{...

? 
! Misplaced alignment tab character &.
l.566  p_{2} &=&
                 (\sqrt{p_{f}^{2}+M_{W}^{2}},p_{f}\sin{\theta},0,p_{f} \cos{...

? 
! Misplaced alignment tab character &.
l.568  p_{3} &
              =& (\sqrt{p_{f}^{2}+M_{W}^{2}},-p_{f}\sin{\theta},0,-p_{f} \co...

? 
! Misplaced alignment tab character &.
l.568  p_{3} &=&
                 (\sqrt{p_{f}^{2}+M_{W}^{2}},-p_{f}\sin{\theta},0,-p_{f} \co...

? 
! Undefined control sequence.
l.569 \IEEEyesnumber
                    
? 

! LaTeX Error: \begin{document} ended by \end{IEEEeqnarray}.

See the LaTeX manual or LaTeX Companion for explanation.
Type  H <return>  for immediate help.
 ...                                              
                                                  
l.570 \end{IEEEeqnarray}
                        
? 
! Missing $ inserted.
<inserted text> 
                $
l.570 \end{IEEEeqnarray}
                        
? 
[11] (./sm.aux)

LaTeX Warning: Label(s) may have changed. Rerun to get cross-references right.

 ) 
Here is how much of TeX's memory you used:
 1604 strings out of 495028
 22257 string characters out of 6181497
 84500 words of memory out of 5000000
 4813 multiletter control sequences out of 15000+600000
 10320 words of font info for 36 fonts, out of 8000000 for 9000
 14 hyphenation exceptions out of 8191
 37i,11n,23p,603b,294s stack positions out of 5000i,500n,10000p,200000b,80000s
</usr/share/texlive/texmf-dist/fonts/type1/public/amsfonts/cm/cmbx12.pfb></us
r/share/texlive/texmf-dist/fonts/type1/public/amsfonts/cm/cmex10.pfb></usr/shar
e/texlive/texmf-dist/fonts/type1/public/amsfonts/cm/cmmi12.pfb></usr/share/texl
ive/texmf-dist/fonts/type1/public/amsfonts/cm/cmmi6.pfb></usr/share/texlive/tex
mf-dist/fonts/type1/public/amsfonts/cm/cmmi8.pfb></usr/share/texlive/texmf-dist
/fonts/type1/public/amsfonts/cm/cmr10.pfb></usr/share/texlive/texmf-dist/fonts/
type1/public/amsfonts/cm/cmr12.pfb></usr/share/texlive/texmf-dist/fonts/type1/p
ublic/amsfonts/cm/cmr6.pfb></usr/share/texlive/texmf-dist/fonts/type1/public/am
sfonts/cm/cmr8.pfb></usr/share/texlive/texmf-dist/fonts/type1/public/amsfonts/c
m/cmsy10.pfb></usr/share/texlive/texmf-dist/fonts/type1/public/amsfonts/cm/cmsy
6.pfb></usr/share/texlive/texmf-dist/fonts/type1/public/amsfonts/cm/cmsy7.pfb><
/usr/share/texlive/texmf-dist/fonts/type1/public/amsfonts/cm/cmsy8.pfb></usr/sh
are/texlive/texmf-dist/fonts/type1/public/amsfonts/cm/cmti12.pfb></usr/share/te
xlive/texmf-dist/fonts/type1/public/amsfonts/cm/cmtt12.pfb></usr/share/texlive/
texmf-dist/fonts/type1/public/amsfonts/cm/cmu10.pfb>
Output written on sm.pdf (11 pages, 207235 bytes).
PDF statistics:
 104 PDF objects out of 1000 (max. 8388607)
 74 compressed objects within 1 object stream
 0 named destinations out of 1000 (max. 500000)
 1 words of extra memory for PDF output out of 10000 (max. 10000000)

